<?xml version="1.0" encoding="UTF-8"?>
<testng-results skipped="0" failed="2" ignored="2" total="6" passed="2">
  <reporter-output>
  </reporter-output>
  <suite name="Suite" duration-ms="95140" started-at="2022-12-26T16:08:50Z" finished-at="2022-12-26T16:10:25Z">
    <groups>
    </groups>
    <test name="Test" duration-ms="95140" started-at="2022-12-26T16:08:50Z" finished-at="2022-12-26T16:10:25Z">
      <class name="tests.LoginTest">
        <test-method status="PASS" signature="setUp()[pri:0, instance:tests.LoginTest@1e4f4a5c]" name="setUp" is-config="true" duration-ms="390" started-at="2022-12-26T16:08:50Z" finished-at="2022-12-26T16:08:50Z">
          <reporter-output>
          </reporter-output>
        </test-method> <!-- setUp -->
        <test-method status="PASS" signature="setDriver()[pri:0, instance:tests.LoginTest@1e4f4a5c]" name="setDriver" is-config="true" duration-ms="4344" started-at="2022-12-26T16:08:50Z" finished-at="2022-12-26T16:08:54Z">
          <reporter-output>
          </reporter-output>
        </test-method> <!-- setDriver -->
        <test-method status="PASS" signature="setDriver()[pri:0, instance:tests.LoginTest@1e4f4a5c]" name="setDriver" is-config="true" duration-ms="4294" started-at="2022-12-26T16:08:50Z" finished-at="2022-12-26T16:08:54Z">
          <reporter-output>
          </reporter-output>
        </test-method> <!-- setDriver -->
        <test-method status="PASS" signature="setDriver()[pri:0, instance:tests.LoginTest@1e4f4a5c]" name="setDriver" is-config="true" duration-ms="4616" started-at="2022-12-26T16:08:50Z" finished-at="2022-12-26T16:08:55Z">
          <reporter-output>
          </reporter-output>
        </test-method> <!-- setDriver -->
        <test-method status="FAIL" signature="loginErrorMsg_TC01(java.lang.reflect.Method)[pri:0, instance:tests.LoginTest@1e4f4a5c]" name="loginErrorMsg_TC01" duration-ms="18330" started-at="2022-12-26T16:08:54Z" finished-at="2022-12-26T16:09:13Z">
          <params>
            <param index="0">
              <value>
                <![CDATA[public void tests.LoginTest.loginErrorMsg_TC01(java.lang.reflect.Method) throws java.io.IOException]]>
              </value>
            </param>
          </params>
          <exception class="org.openqa.selenium.NoSuchElementException">
            <message>
              <![CDATA[no such element: Unable to locate element: {"method":"css selector","selector":"#username"}
  (Session info: chrome=108.0.5359.125)
For documentation on this error, please visit: https://www.seleniumhq.org/exceptions/no_such_element.html
Build info: version: '3.141.59', revision: 'e82be7d358', time: '2018-11-14T08:17:03'
System info: host: 'TEKARCH', ip: '172.23.176.1', os.name: 'Windows 10', os.arch: 'amd64', os.version: '10.0', java.version: '1.8.0_281'
Driver info: org.openqa.selenium.chrome.ChromeDriver
Capabilities {acceptInsecureCerts: false, browserName: chrome, browserVersion: 108.0.5359.125, chrome: {chromedriverVersion: 108.0.5359.71 (1e0e3868ee06..., userDataDir: C:\Users\user\AppData\Local...}, goog:chromeOptions: {debuggerAddress: localhost:52840}, javascriptEnabled: true, networkConnectionEnabled: false, pageLoadStrategy: normal, platform: WINDOWS, platformName: WINDOWS, proxy: Proxy(), setWindowRect: true, strictFileInteractability: false, timeouts: {implicit: 0, pageLoad: 300000, script: 30000}, unhandledPromptBehavior: dismiss and notify, webauthn:extension:credBlob: true, webauthn:extension:largeBlob: true, webauthn:virtualAuthenticators: true}
Session ID: 34ea5be028695dbff95b45894b1ea119
*** Element info: {Using=id, value=username}]]>
            </message>
            <full-stacktrace>
              <![CDATA[org.openqa.selenium.NoSuchElementException: no such element: Unable to locate element: {"method":"css selector","selector":"#username"}
  (Session info: chrome=108.0.5359.125)
For documentation on this error, please visit: https://www.seleniumhq.org/exceptions/no_such_element.html
Build info: version: '3.141.59', revision: 'e82be7d358', time: '2018-11-14T08:17:03'
System info: host: 'TEKARCH', ip: '172.23.176.1', os.name: 'Windows 10', os.arch: 'amd64', os.version: '10.0', java.version: '1.8.0_281'
Driver info: org.openqa.selenium.chrome.ChromeDriver
Capabilities {acceptInsecureCerts: false, browserName: chrome, browserVersion: 108.0.5359.125, chrome: {chromedriverVersion: 108.0.5359.71 (1e0e3868ee06..., userDataDir: C:\Users\user\AppData\Local...}, goog:chromeOptions: {debuggerAddress: localhost:52840}, javascriptEnabled: true, networkConnectionEnabled: false, pageLoadStrategy: normal, platform: WINDOWS, platformName: WINDOWS, proxy: Proxy(), setWindowRect: true, strictFileInteractability: false, timeouts: {implicit: 0, pageLoad: 300000, script: 30000}, unhandledPromptBehavior: dismiss and notify, webauthn:extension:credBlob: true, webauthn:extension:largeBlob: true, webauthn:virtualAuthenticators: true}
Session ID: 34ea5be028695dbff95b45894b1ea119
*** Element info: {Using=id, value=username}
at sun.reflect.NativeConstructorAccessorImpl.newInstance0(Native Method)
at sun.reflect.NativeConstructorAccessorImpl.newInstance(Unknown Source)
at sun.reflect.DelegatingConstructorAccessorImpl.newInstance(Unknown Source)
at java.lang.reflect.Constructor.newInstance(Unknown Source)
at org.openqa.selenium.remote.http.W3CHttpResponseCodec.createException(W3CHttpResponseCodec.java:187)
at org.openqa.selenium.remote.http.W3CHttpResponseCodec.decode(W3CHttpResponseCodec.java:122)
at org.openqa.selenium.remote.http.W3CHttpResponseCodec.decode(W3CHttpResponseCodec.java:49)
at org.openqa.selenium.remote.HttpCommandExecutor.execute(HttpCommandExecutor.java:158)
at org.openqa.selenium.remote.service.DriverCommandExecutor.execute(DriverCommandExecutor.java:83)
at org.openqa.selenium.remote.RemoteWebDriver.execute(RemoteWebDriver.java:552)
at org.openqa.selenium.remote.RemoteWebDriver.findElement(RemoteWebDriver.java:323)
at org.openqa.selenium.remote.RemoteWebDriver.findElementById(RemoteWebDriver.java:372)
at org.openqa.selenium.By$ById.findElement(By.java:188)
at org.openqa.selenium.remote.RemoteWebDriver.findElement(RemoteWebDriver.java:315)
at org.openqa.selenium.support.pagefactory.DefaultElementLocator.findElement(DefaultElementLocator.java:69)
at org.openqa.selenium.support.pagefactory.internal.LocatingElementHandler.invoke(LocatingElementHandler.java:38)
at com.sun.proxy.$Proxy29.isDisplayed(Unknown Source)
at pages.LoginPage.enterUsername(LoginPage.java:70)
at tests.LoginTest.loginErrorMsg_TC01(LoginTest.java:34)
at sun.reflect.NativeMethodAccessorImpl.invoke0(Native Method)
at sun.reflect.NativeMethodAccessorImpl.invoke(Unknown Source)
at sun.reflect.DelegatingMethodAccessorImpl.invoke(Unknown Source)
at java.lang.reflect.Method.invoke(Unknown Source)
at org.testng.internal.MethodInvocationHelper.invokeMethod(MethodInvocationHelper.java:124)
at org.testng.internal.Invoker.invokeMethod(Invoker.java:583)
at org.testng.internal.Invoker.invokeTestMethod(Invoker.java:719)
at org.testng.internal.Invoker.invokeTestMethods(Invoker.java:989)
at org.testng.internal.TestMethodWorker.invokeTestMethods(TestMethodWorker.java:125)
at org.testng.internal.TestMethodWorker.run(TestMethodWorker.java:109)
at java.util.concurrent.ThreadPoolExecutor.runWorker(Unknown Source)
at java.util.concurrent.ThreadPoolExecutor$Worker.run(Unknown Source)
at java.lang.Thread.run(Unknown Source)
]]>
            </full-stacktrace>
          </exception> <!-- org.openqa.selenium.NoSuchElementException -->
          <reporter-output>
          </reporter-output>
        </test-method> <!-- loginErrorMsg_TC01 -->
        <test-method status="FAIL" signature="loginToSF_TC02()[pri:0, instance:tests.LoginTest@1e4f4a5c]" name="loginToSF_TC02" duration-ms="23576" started-at="2022-12-26T16:08:54Z" finished-at="2022-12-26T16:09:18Z">
          <exception class="java.lang.AssertionError">
            <message>
              <![CDATA[Free trial should be seen expected [true] but found [false]]]>
            </message>
            <full-stacktrace>
              <![CDATA[java.lang.AssertionError: Free trial should be seen expected [true] but found [false]
at org.testng.Assert.fail(Assert.java:96)
at org.testng.Assert.failNotEquals(Assert.java:776)
at org.testng.Assert.assertTrue(Assert.java:44)
at tests.LoginTest.loginToSF_TC02(LoginTest.java:52)
at sun.reflect.NativeMethodAccessorImpl.invoke0(Native Method)
at sun.reflect.NativeMethodAccessorImpl.invoke(Unknown Source)
at sun.reflect.DelegatingMethodAccessorImpl.invoke(Unknown Source)
at java.lang.reflect.Method.invoke(Unknown Source)
at org.testng.internal.MethodInvocationHelper.invokeMethod(MethodInvocationHelper.java:124)
at org.testng.internal.Invoker.invokeMethod(Invoker.java:583)
at org.testng.internal.Invoker.invokeTestMethod(Invoker.java:719)
at org.testng.internal.Invoker.invokeTestMethods(Invoker.java:989)
at org.testng.internal.TestMethodWorker.invokeTestMethods(TestMethodWorker.java:125)
at org.testng.internal.TestMethodWorker.run(TestMethodWorker.java:109)
at java.util.concurrent.ThreadPoolExecutor.runWorker(Unknown Source)
at java.util.concurrent.ThreadPoolExecutor$Worker.run(Unknown Source)
at java.lang.Thread.run(Unknown Source)
]]>
            </full-stacktrace>
          </exception> <!-- java.lang.AssertionError -->
          <reporter-output>
          </reporter-output>
        </test-method> <!-- loginToSF_TC02 -->
        <test-method status="PASS" signature="rememberMe_TC03()[pri:0, instance:tests.LoginTest@1e4f4a5c]" name="rememberMe_TC03" duration-ms="29626" started-at="2022-12-26T16:08:55Z" finished-at="2022-12-26T16:09:24Z">
          <reporter-output>
          </reporter-output>
        </test-method> <!-- rememberMe_TC03 -->
        <test-method status="PASS" signature="removeDriver()[pri:0, instance:tests.LoginTest@1e4f4a5c]" name="removeDriver" is-config="true" duration-ms="665" started-at="2022-12-26T16:09:19Z" finished-at="2022-12-26T16:09:20Z">
          <reporter-output>
          </reporter-output>
        </test-method> <!-- removeDriver -->
        <test-method status="PASS" signature="removeDriver()[pri:0, instance:tests.LoginTest@1e4f4a5c]" name="removeDriver" is-config="true" duration-ms="1093" started-at="2022-12-26T16:09:19Z" finished-at="2022-12-26T16:09:20Z">
          <reporter-output>
          </reporter-output>
        </test-method> <!-- removeDriver -->
        <test-method status="PASS" signature="removeDriver()[pri:0, instance:tests.LoginTest@1e4f4a5c]" name="removeDriver" is-config="true" duration-ms="1369" started-at="2022-12-26T16:09:24Z" finished-at="2022-12-26T16:09:26Z">
          <reporter-output>
          </reporter-output>
        </test-method> <!-- removeDriver -->
        <test-method status="PASS" signature="tearDown()[pri:0, instance:tests.LoginTest@1e4f4a5c]" name="tearDown" is-config="true" duration-ms="590" started-at="2022-12-26T16:10:25Z" finished-at="2022-12-26T16:10:26Z">
          <reporter-output>
          </reporter-output>
        </test-method> <!-- tearDown -->
      </class> <!-- tests.LoginTest -->
      <class name="tests.UserMenuTest">
        <test-method status="PASS" signature="setDriver()[pri:0, instance:tests.UserMenuTest@37313c65]" name="setDriver" is-config="true" duration-ms="1973" started-at="2022-12-26T16:09:20Z" finished-at="2022-12-26T16:09:21Z">
          <reporter-output>
          </reporter-output>
        </test-method> <!-- setDriver -->
        <test-method status="PASS" signature="myProfile_TC06()[pri:0, instance:tests.UserMenuTest@37313c65]" name="myProfile_TC06" duration-ms="62738" started-at="2022-12-26T16:09:21Z" finished-at="2022-12-26T16:10:24Z">
          <reporter-output>
          </reporter-output>
        </test-method> <!-- myProfile_TC06 -->
        <test-method status="PASS" signature="removeDriver()[pri:0, instance:tests.UserMenuTest@37313c65]" name="removeDriver" is-config="true" duration-ms="911" started-at="2022-12-26T16:10:24Z" finished-at="2022-12-26T16:10:25Z">
          <reporter-output>
          </reporter-output>
        </test-method> <!-- removeDriver -->
      </class> <!-- tests.UserMenuTest -->
    </test> <!-- Test -->
  </suite> <!-- Suite -->
</testng-results>
